<?xml version="1.0" encoding="UTF-8"?>
<testng-results ignored="0" total="6" passed="3" failed="3" skipped="0">
  <reporter-output>
  </reporter-output>
  <suite started-at="2023-01-29T10:17:04 EST" name="ebayProject" finished-at="2023-01-29T10:18:36 EST" duration-ms="92030">
    <groups>
    </groups>
    <test started-at="2023-01-29T10:17:04 EST" name="Ebay testing" finished-at="2023-01-29T10:18:36 EST" duration-ms="92030">
      <class name="com.ebay.FindItemTC_04">
        <test-method is-config="true" signature="setup(java.lang.String)[pri:0, instance:com.ebay.FindItemTC_04@771a660]" started-at="2023-01-29T10:17:42 EST" name="setup" finished-at="2023-01-29T10:17:56 EST" duration-ms="14187" status="PASS">
          <params>
            <param index="0">
              <value>
                <![CDATA[chrome]]>
              </value>
            </param>
          </params>
          <reporter-output>
          </reporter-output>
        </test-method> <!-- setup -->
        <test-method signature="TC()[pri:0, instance:com.ebay.FindItemTC_04@771a660]" started-at="2023-01-29T10:17:56 EST" name="TC" finished-at="2023-01-29T10:18:04 EST" duration-ms="7346" status="FAIL">
          <exception class="java.lang.AssertionError">
            <full-stacktrace>
              <![CDATA[java.lang.AssertionError
at org.junit.Assert.fail(Assert.java:86)
at org.junit.Assert.assertTrue(Assert.java:41)
at org.junit.Assert.assertTrue(Assert.java:52)
at com.ebay.FindItemTC_04.TC(FindItemTC_04.java:42)
at java.base/jdk.internal.reflect.NativeMethodAccessorImpl.invoke0(Native Method)
at java.base/jdk.internal.reflect.NativeMethodAccessorImpl.invoke(NativeMethodAccessorImpl.java:77)
at java.base/jdk.internal.reflect.DelegatingMethodAccessorImpl.invoke(DelegatingMethodAccessorImpl.java:43)
at java.base/java.lang.reflect.Method.invoke(Method.java:568)
at org.testng.internal.MethodInvocationHelper.invokeMethod(MethodInvocationHelper.java:133)
at org.testng.internal.TestInvoker.invokeMethod(TestInvoker.java:598)
at org.testng.internal.TestInvoker.invokeTestMethod(TestInvoker.java:173)
at org.testng.internal.MethodRunner.runInSequence(MethodRunner.java:46)
at org.testng.internal.TestInvoker$MethodInvocationAgent.invoke(TestInvoker.java:824)
at org.testng.internal.TestInvoker.invokeTestMethods(TestInvoker.java:146)
at org.testng.internal.TestMethodWorker.invokeTestMethods(TestMethodWorker.java:146)
at org.testng.internal.TestMethodWorker.run(TestMethodWorker.java:128)
at java.base/java.util.ArrayList.forEach(ArrayList.java:1511)
at org.testng.TestRunner.privateRun(TestRunner.java:794)
at org.testng.TestRunner.run(TestRunner.java:596)
at org.testng.SuiteRunner.runTest(SuiteRunner.java:377)
at org.testng.SuiteRunner.runSequentially(SuiteRunner.java:371)
at org.testng.SuiteRunner.privateRun(SuiteRunner.java:332)
at org.testng.SuiteRunner.run(SuiteRunner.java:276)
at org.testng.SuiteRunnerWorker.runSuite(SuiteRunnerWorker.java:53)
at org.testng.SuiteRunnerWorker.run(SuiteRunnerWorker.java:96)
at org.testng.TestNG.runSuitesSequentially(TestNG.java:1212)
at org.testng.TestNG.runSuitesLocally(TestNG.java:1134)
at org.testng.TestNG.runSuites(TestNG.java:1063)
at org.testng.TestNG.run(TestNG.java:1031)
at org.testng.remote.AbstractRemoteTestNG.run(AbstractRemoteTestNG.java:115)
at org.testng.remote.RemoteTestNG.initAndRun(RemoteTestNG.java:251)
at org.testng.remote.RemoteTestNG.main(RemoteTestNG.java:77)
]]>
            </full-stacktrace>
          </exception> <!-- java.lang.AssertionError -->
          <reporter-output>
          </reporter-output>
        </test-method> <!-- TC -->
        <test-method is-config="true" signature="teardown()[pri:0, instance:com.ebay.FindItemTC_04@771a660]" started-at="2023-01-29T10:18:04 EST" name="teardown" finished-at="2023-01-29T10:18:04 EST" duration-ms="533" status="PASS">
          <reporter-output>
          </reporter-output>
        </test-method> <!-- teardown -->
      </class> <!-- com.ebay.FindItemTC_04 -->
      <class name="com.ebay.ClickingItemsTC_06">
        <test-method is-config="true" signature="setup(java.lang.String)[pri:0, instance:com.ebay.ClickingItemsTC_06@242b836]" started-at="2023-01-29T10:18:18 EST" name="setup" finished-at="2023-01-29T10:18:23 EST" duration-ms="5362" status="PASS">
          <params>
            <param index="0">
              <value>
                <![CDATA[chrome]]>
              </value>
            </param>
          </params>
          <reporter-output>
          </reporter-output>
        </test-method> <!-- setup -->
        <test-method signature="TC()[pri:0, instance:com.ebay.ClickingItemsTC_06@242b836]" started-at="2023-01-29T10:18:23 EST" name="TC" finished-at="2023-01-29T10:18:36 EST" duration-ms="12728" status="PASS">
          <reporter-output>
          </reporter-output>
        </test-method> <!-- TC -->
        <test-method is-config="true" signature="teardown()[pri:0, instance:com.ebay.ClickingItemsTC_06@242b836]" started-at="2023-01-29T10:18:36 EST" name="teardown" finished-at="2023-01-29T10:18:36 EST" duration-ms="404" status="PASS">
          <reporter-output>
          </reporter-output>
        </test-method> <!-- teardown -->
      </class> <!-- com.ebay.ClickingItemsTC_06 -->
      <class name="com.ebay.PrintingItemTC_05">
        <test-method is-config="true" signature="setup(java.lang.String)[pri:0, instance:com.ebay.PrintingItemTC_05@2d52216b]" started-at="2023-01-29T10:18:04 EST" name="setup" finished-at="2023-01-29T10:18:09 EST" duration-ms="4592" status="PASS">
          <params>
            <param index="0">
              <value>
                <![CDATA[chrome]]>
              </value>
            </param>
          </params>
          <reporter-output>
          </reporter-output>
        </test-method> <!-- setup -->
        <test-method signature="printname()[pri:0, instance:com.ebay.PrintingItemTC_05@2d52216b]" started-at="2023-01-29T10:18:09 EST" name="printname" finished-at="2023-01-29T10:18:17 EST" duration-ms="8448" status="FAIL">
          <exception class="java.lang.AssertionError">
            <full-stacktrace>
              <![CDATA[java.lang.AssertionError
at org.junit.Assert.fail(Assert.java:86)
at org.junit.Assert.assertTrue(Assert.java:41)
at org.junit.Assert.assertTrue(Assert.java:52)
at com.ebay.PrintingItemTC_05.printname(PrintingItemTC_05.java:45)
at java.base/jdk.internal.reflect.NativeMethodAccessorImpl.invoke0(Native Method)
at java.base/jdk.internal.reflect.NativeMethodAccessorImpl.invoke(NativeMethodAccessorImpl.java:77)
at java.base/jdk.internal.reflect.DelegatingMethodAccessorImpl.invoke(DelegatingMethodAccessorImpl.java:43)
at java.base/java.lang.reflect.Method.invoke(Method.java:568)
at org.testng.internal.MethodInvocationHelper.invokeMethod(MethodInvocationHelper.java:133)
at org.testng.internal.TestInvoker.invokeMethod(TestInvoker.java:598)
at org.testng.internal.TestInvoker.invokeTestMethod(TestInvoker.java:173)
at org.testng.internal.MethodRunner.runInSequence(MethodRunner.java:46)
at org.testng.internal.TestInvoker$MethodInvocationAgent.invoke(TestInvoker.java:824)
at org.testng.internal.TestInvoker.invokeTestMethods(TestInvoker.java:146)
at org.testng.internal.TestMethodWorker.invokeTestMethods(TestMethodWorker.java:146)
at org.testng.internal.TestMethodWorker.run(TestMethodWorker.java:128)
at java.base/java.util.ArrayList.forEach(ArrayList.java:1511)
at org.testng.TestRunner.privateRun(TestRunner.java:794)
at org.testng.TestRunner.run(TestRunner.java:596)
at org.testng.SuiteRunner.runTest(SuiteRunner.java:377)
at org.testng.SuiteRunner.runSequentially(SuiteRunner.java:371)
at org.testng.SuiteRunner.privateRun(SuiteRunner.java:332)
at org.testng.SuiteRunner.run(SuiteRunner.java:276)
at org.testng.SuiteRunnerWorker.runSuite(SuiteRunnerWorker.java:53)
at org.testng.SuiteRunnerWorker.run(SuiteRunnerWorker.java:96)
at org.testng.TestNG.runSuitesSequentially(TestNG.java:1212)
at org.testng.TestNG.runSuitesLocally(TestNG.java:1134)
at org.testng.TestNG.runSuites(TestNG.java:1063)
at org.testng.TestNG.run(TestNG.java:1031)
at org.testng.remote.AbstractRemoteTestNG.run(AbstractRemoteTestNG.java:115)
at org.testng.remote.RemoteTestNG.initAndRun(RemoteTestNG.java:251)
at org.testng.remote.RemoteTestNG.main(RemoteTestNG.java:77)
]]>
            </full-stacktrace>
          </exception> <!-- java.lang.AssertionError -->
          <reporter-output>
          </reporter-output>
        </test-method> <!-- printname -->
        <test-method is-config="true" signature="teardown()[pri:0, instance:com.ebay.PrintingItemTC_05@2d52216b]" started-at="2023-01-29T10:18:17 EST" name="teardown" finished-at="2023-01-29T10:18:18 EST" duration-ms="469" status="PASS">
          <reporter-output>
          </reporter-output>
        </test-method> <!-- teardown -->
      </class> <!-- com.ebay.PrintingItemTC_05 -->
      <class name="com.ebay.CheckboxTC_02">
        <test-method is-config="true" signature="setup(java.lang.String)[pri:0, instance:com.ebay.CheckboxTC_02@272113c4]" started-at="2023-01-29T10:17:15 EST" name="setup" finished-at="2023-01-29T10:17:20 EST" duration-ms="5256" status="PASS">
          <params>
            <param index="0">
              <value>
                <![CDATA[chrome]]>
              </value>
            </param>
          </params>
          <reporter-output>
          </reporter-output>
        </test-method> <!-- setup -->
        <test-method signature="checkboxbtn()[pri:0, instance:com.ebay.CheckboxTC_02@272113c4]" started-at="2023-01-29T10:17:20 EST" name="checkboxbtn" finished-at="2023-01-29T10:17:27 EST" duration-ms="7211" status="FAIL">
          <exception class="java.lang.AssertionError">
            <full-stacktrace>
              <![CDATA[java.lang.AssertionError
at org.junit.Assert.fail(Assert.java:86)
at org.junit.Assert.assertTrue(Assert.java:41)
at org.junit.Assert.assertTrue(Assert.java:52)
at com.ebay.CheckboxTC_02.checkboxbtn(CheckboxTC_02.java:27)
at java.base/jdk.internal.reflect.NativeMethodAccessorImpl.invoke0(Native Method)
at java.base/jdk.internal.reflect.NativeMethodAccessorImpl.invoke(NativeMethodAccessorImpl.java:77)
at java.base/jdk.internal.reflect.DelegatingMethodAccessorImpl.invoke(DelegatingMethodAccessorImpl.java:43)
at java.base/java.lang.reflect.Method.invoke(Method.java:568)
at org.testng.internal.MethodInvocationHelper.invokeMethod(MethodInvocationHelper.java:133)
at org.testng.internal.TestInvoker.invokeMethod(TestInvoker.java:598)
at org.testng.internal.TestInvoker.invokeTestMethod(TestInvoker.java:173)
at org.testng.internal.MethodRunner.runInSequence(MethodRunner.java:46)
at org.testng.internal.TestInvoker$MethodInvocationAgent.invoke(TestInvoker.java:824)
at org.testng.internal.TestInvoker.invokeTestMethods(TestInvoker.java:146)
at org.testng.internal.TestMethodWorker.invokeTestMethods(TestMethodWorker.java:146)
at org.testng.internal.TestMethodWorker.run(TestMethodWorker.java:128)
at java.base/java.util.ArrayList.forEach(ArrayList.java:1511)
at org.testng.TestRunner.privateRun(TestRunner.java:794)
at org.testng.TestRunner.run(TestRunner.java:596)
at org.testng.SuiteRunner.runTest(SuiteRunner.java:377)
at org.testng.SuiteRunner.runSequentially(SuiteRunner.java:371)
at org.testng.SuiteRunner.privateRun(SuiteRunner.java:332)
at org.testng.SuiteRunner.run(SuiteRunner.java:276)
at org.testng.SuiteRunnerWorker.runSuite(SuiteRunnerWorker.java:53)
at org.testng.SuiteRunnerWorker.run(SuiteRunnerWorker.java:96)
at org.testng.TestNG.runSuitesSequentially(TestNG.java:1212)
at org.testng.TestNG.runSuitesLocally(TestNG.java:1134)
at org.testng.TestNG.runSuites(TestNG.java:1063)
at org.testng.TestNG.run(TestNG.java:1031)
at org.testng.remote.AbstractRemoteTestNG.run(AbstractRemoteTestNG.java:115)
at org.testng.remote.RemoteTestNG.initAndRun(RemoteTestNG.java:251)
at org.testng.remote.RemoteTestNG.main(RemoteTestNG.java:77)
]]>
            </full-stacktrace>
          </exception> <!-- java.lang.AssertionError -->
          <reporter-output>
          </reporter-output>
        </test-method> <!-- checkboxbtn -->
        <test-method is-config="true" signature="teardown()[pri:0, instance:com.ebay.CheckboxTC_02@272113c4]" started-at="2023-01-29T10:17:27 EST" name="teardown" finished-at="2023-01-29T10:17:28 EST" duration-ms="356" status="PASS">
          <reporter-output>
          </reporter-output>
        </test-method> <!-- teardown -->
      </class> <!-- com.ebay.CheckboxTC_02 -->
      <class name="com.ebay.FooterLinkTC_03">
        <test-method is-config="true" signature="setup(java.lang.String)[pri:0, instance:com.ebay.FooterLinkTC_03@73e9cf30]" started-at="2023-01-29T10:17:28 EST" name="setup" finished-at="2023-01-29T10:17:33 EST" duration-ms="5294" status="PASS">
          <params>
            <param index="0">
              <value>
                <![CDATA[chrome]]>
              </value>
            </param>
          </params>
          <reporter-output>
          </reporter-output>
        </test-method> <!-- setup -->
        <test-method signature="clickFooterLink()[pri:0, instance:com.ebay.FooterLinkTC_03@73e9cf30]" started-at="2023-01-29T10:17:33 EST" name="clickFooterLink" finished-at="2023-01-29T10:17:42 EST" duration-ms="8599" status="PASS">
          <reporter-output>
          </reporter-output>
        </test-method> <!-- clickFooterLink -->
        <test-method is-config="true" signature="teardown()[pri:0, instance:com.ebay.FooterLinkTC_03@73e9cf30]" started-at="2023-01-29T10:17:42 EST" name="teardown" finished-at="2023-01-29T10:17:42 EST" duration-ms="576" status="PASS">
          <reporter-output>
          </reporter-output>
        </test-method> <!-- teardown -->
      </class> <!-- com.ebay.FooterLinkTC_03 -->
      <class name="com.ebay.TitleTC_01">
        <test-method is-config="true" signature="setup(java.lang.String)[pri:0, instance:com.ebay.TitleTC_01@506ae4d4]" started-at="2023-01-29T10:17:05 EST" name="setup" finished-at="2023-01-29T10:17:14 EST" duration-ms="9499" status="PASS">
          <params>
            <param index="0">
              <value>
                <![CDATA[chrome]]>
              </value>
            </param>
          </params>
          <reporter-output>
          </reporter-output>
        </test-method> <!-- setup -->
        <test-method signature="titlecheck()[pri:0, instance:com.ebay.TitleTC_01@506ae4d4]" started-at="2023-01-29T10:17:14 EST" name="titlecheck" finished-at="2023-01-29T10:17:14 EST" duration-ms="57" status="PASS">
          <reporter-output>
          </reporter-output>
        </test-method> <!-- titlecheck -->
        <test-method is-config="true" signature="teardown()[pri:0, instance:com.ebay.TitleTC_01@506ae4d4]" started-at="2023-01-29T10:17:15 EST" name="teardown" finished-at="2023-01-29T10:17:15 EST" duration-ms="260" status="PASS">
          <reporter-output>
          </reporter-output>
        </test-method> <!-- teardown -->
      </class> <!-- com.ebay.TitleTC_01 -->
    </test> <!-- Ebay testing -->
  </suite> <!-- ebayProject -->
</testng-results>
