<?xml version="1.0" encoding="UTF-8"?>
<!-- Generated by org.testng.reporters.JUnitXMLReporter -->
<testsuite ignored="0" hostname="has-MacBook-Pro.home" failures="3" tests="6" name="Ebay testing" time="92.03" errors="0" timestamp="2023-01-29T10:18:36 EST">
  <testcase classname="com.ebay.TitleTC_01" name="titlecheck" time="0.057"/>
  <testcase classname="com.ebay.CheckboxTC_02" name="checkboxbtn" time="7.211">
    <failure type="java.lang.AssertionError">
      <![CDATA[java.lang.AssertionError
at org.junit.Assert.fail(Assert.java:86)
at org.junit.Assert.assertTrue(Assert.java:41)
at org.junit.Assert.assertTrue(Assert.java:52)
at com.ebay.CheckboxTC_02.checkboxbtn(CheckboxTC_02.java:27)
at java.base/java.util.ArrayList.forEach(ArrayList.java:1511)
... Removed 27 stack frames]]>
    </failure>
  </testcase> <!-- checkboxbtn -->
  <testcase classname="com.ebay.FooterLinkTC_03" name="clickFooterLink" time="8.599"/>
  <testcase classname="com.ebay.FindItemTC_04" name="TC" time="7.346">
    <failure type="java.lang.AssertionError">
      <![CDATA[java.lang.AssertionError
at org.junit.Assert.fail(Assert.java:86)
at org.junit.Assert.assertTrue(Assert.java:41)
at org.junit.Assert.assertTrue(Assert.java:52)
at com.ebay.FindItemTC_04.TC(FindItemTC_04.java:42)
at java.base/java.util.ArrayList.forEach(ArrayList.java:1511)
... Removed 27 stack frames]]>
    </failure>
  </testcase> <!-- TC -->
  <testcase classname="com.ebay.PrintingItemTC_05" name="printname" time="8.448">
    <failure type="java.lang.AssertionError">
      <![CDATA[java.lang.AssertionError
at org.junit.Assert.fail(Assert.java:86)
at org.junit.Assert.assertTrue(Assert.java:41)
at org.junit.Assert.assertTrue(Assert.java:52)
at com.ebay.PrintingItemTC_05.printname(PrintingItemTC_05.java:45)
at java.base/java.util.ArrayList.forEach(ArrayList.java:1511)
... Removed 27 stack frames]]>
    </failure>
  </testcase> <!-- printname -->
  <testcase classname="com.ebay.ClickingItemsTC_06" name="TC" time="12.728"/>
</testsuite> <!-- Ebay testing -->
